<?xml version="1.0" encoding="UTF-8"?>
<!-- Generated by org.testng.reporters.JUnitReportReporter -->
<testsuite hostname="LTB0206984-Mac.local" name="com.abhi.test.GetAPITest" tests="2" failures="0" timestamp="15 Dec 2019 11:54:29 GMT" time="2.477" errors="0">
  <testcase name="getAPITestWithHeaders" time="0.856" classname="com.abhi.test.GetAPITest"/>
  <testcase name="getAPITestWithoutHeaders" time="1.621" classname="com.abhi.test.GetAPITest"/>
</testsuite> <!-- com.abhi.test.GetAPITest -->
