<?xml version="1.0" encoding="UTF-8"?>
<!-- Generated by org.testng.reporters.JUnitReportReporter -->
<testsuite hostname="LTB0206984-Mac.local" name="com.abhi.test.PostAPITest" tests="1" failures="0" timestamp="14 Dec 2019 19:54:20 GMT" time="3.202" errors="0">
  <testcase name="postAPITest" time="3.202" classname="com.abhi.test.PostAPITest"/>
</testsuite> <!-- com.abhi.test.PostAPITest -->
