<?xml version="1.0" encoding="UTF-8"?>
<!-- Generated by org.testng.reporters.JUnitReportReporter -->
<testsuite hostname="LTB0206984-Mac.local" name="com.abhi.test.PutAPITest" tests="1" failures="0" timestamp="14 Dec 2019 19:54:35 GMT" time="3.202" errors="0">
  <testcase name="putAPITest" time="3.202" classname="com.abhi.test.PutAPITest"/>
</testsuite> <!-- com.abhi.test.PutAPITest -->
