<?xml version="1.0" encoding="UTF-8"?>
<!-- Generated by org.testng.reporters.JUnitReportReporter -->
<testsuite hostname="LTB0206984-Mac.local" name="com.abhi.test.DeleteAPITest" tests="1" failures="0" timestamp="14 Dec 2019 19:54:25 GMT" time="0.982" errors="0">
  <testcase name="removeUser" time="0.982" classname="com.abhi.test.DeleteAPITest"/>
</testsuite> <!-- com.abhi.test.DeleteAPITest -->
