<?xml version="1.0" encoding="UTF-8"?>
<!-- Generated by org.testng.reporters.JUnitReportReporter -->
<testsuite hostname="LTB0206984-Mac.local" name="com.abhi.test.GetAPITest" tests="2" failures="0" timestamp="15 Dec 2019 12:19:07 GMT" time="1.923" errors="0">
  <testcase name="getAPITestWithHeaders" time="0.853" classname="com.abhi.test.GetAPITest"/>
  <testcase name="getAPITestWithoutHeaders" time="1.070" classname="com.abhi.test.GetAPITest"/>
</testsuite> <!-- com.abhi.test.GetAPITest -->
