<?xml version="1.0" encoding="UTF-8"?>
<!-- Generated by org.testng.reporters.JUnitReportReporter -->
<testsuite hostname="LTB0206984-Mac.local" name="com.abhi.test.DeleteAPITest" tests="1" failures="0" timestamp="15 Dec 2019 12:18:57 GMT" time="1.077" errors="0">
  <testcase name="removeUser" time="1.077" classname="com.abhi.test.DeleteAPITest"/>
</testsuite> <!-- com.abhi.test.DeleteAPITest -->
