<?xml version="1.0" encoding="UTF-8"?>
<!-- Generated by org.testng.reporters.JUnitReportReporter -->
<testsuite hostname="LTB0206984-Mac.local" name="com.abhi.test.PutAPITest" tests="1" failures="0" timestamp="15 Dec 2019 12:18:52 GMT" time="2.592" errors="0">
  <testcase name="putAPITest" time="2.592" classname="com.abhi.test.PutAPITest"/>
</testsuite> <!-- com.abhi.test.PutAPITest -->
